<?xml version="1.0" encoding="UTF-8"?>
<testng-results skipped="0" failed="0" total="2" passed="2">
  <reporter-output>
  </reporter-output>
  <suite name="Default suite" duration-ms="827" started-at="2018-06-10T17:57:43Z" finished-at="2018-06-10T17:57:44Z">
    <groups>
      <group name="cucumber">
        <method signature="AbstractTestNGCucumberTests.feature(cucumber.api.testng.CucumberFeatureWrapper)[pri:0, instance:Runners.Runner1@1ed4004b]" name="feature" class="cucumber.api.testng.AbstractTestNGCucumberTests"/>
      </group> <!-- cucumber -->
    </groups>
    <test name="Default test" duration-ms="827" started-at="2018-06-10T17:57:43Z" finished-at="2018-06-10T17:57:44Z">
      <class name="Runners.Runner1">
        <test-method status="PASS" signature="setUpClass()[pri:0, instance:Runners.Runner1@1ed4004b]" name="setUpClass" is-config="true" duration-ms="180" started-at="2018-06-10T13:57:43Z" finished-at="2018-06-10T13:57:44Z">
          <reporter-output>
          </reporter-output>
        </test-method> <!-- setUpClass -->
        <test-method status="PASS" signature="feature(cucumber.api.testng.CucumberFeatureWrapper)[pri:0, instance:Runners.Runner1@1ed4004b]" name="feature" duration-ms="252" started-at="2018-06-10T13:57:44Z" description="Runs Cucumber Feature" data-provider="features" finished-at="2018-06-10T13:57:44Z">
          <params>
            <param index="0">
              <value>
                <![CDATA[Submit data to webdriveruniversity.com using contact us form]]>
              </value>
            </param>
          </params>
          <reporter-output>
          </reporter-output>
        </test-method> <!-- feature -->
        <test-method status="PASS" signature="feature(cucumber.api.testng.CucumberFeatureWrapper)[pri:0, instance:Runners.Runner1@1ed4004b]" name="feature" duration-ms="12" started-at="2018-06-10T13:57:44Z" description="Runs Cucumber Feature" data-provider="features" finished-at="2018-06-10T13:57:44Z">
          <params>
            <param index="0">
              <value>
                <![CDATA[Products page]]>
              </value>
            </param>
          </params>
          <reporter-output>
          </reporter-output>
        </test-method> <!-- feature -->
        <test-method status="PASS" signature="tearDownClass()[pri:0, instance:Runners.Runner1@1ed4004b]" name="tearDownClass" is-config="true" duration-ms="299" started-at="2018-06-10T13:57:44Z" finished-at="2018-06-10T13:57:44Z">
          <reporter-output>
          </reporter-output>
        </test-method> <!-- tearDownClass -->
      </class> <!-- Runners.Runner1 -->
    </test> <!-- Default test -->
  </suite> <!-- Default suite -->
</testng-results>
